******************************************************************************************************
sql insertion  and updation successfully executed at 2022-06-21 16:33:04
sqoop imp job failed  at 2022-06-21 16:33:04 
sql commands failed  at 2022-06-21 16:35:11 
sql insertion  and updation successfully executed at 2022-06-21 20:27:21
sqoop imp job successfully executed at 2022-06-21 20:27:21
hive scd successfully executed at 2022-06-21 20:27:21
unable to truncate day_recol   at 2022-06-21 20:27:21 
sql insertion  and updation successfully executed at 2022-06-21 20:32:55
sqoop imp job successfully executed at 2022-06-21 20:32:55
hive scd successfully executed at 2022-06-21 20:32:55
day_recol successfully truncated at 2022-06-21 20:32:55
sqoop exp job successfully executed at 2022-06-21 20:32:55
sql comparison successfully executed at 2022-06-21 20:32:55
successfully archived at 2022-06-21 20:32:55
******************************************************************************************************
sql commands failed  at 2022-06-21 20:48:27 
sql insertion  and updation successfully executed at 2022-06-21 20:49:39
sqoop imp job successfully executed at 2022-06-21 20:49:39
hive scd successfully executed at 2022-06-21 20:49:39
day_recol successfully truncated at 2022-06-21 20:49:39
sqoop exp job successfully executed at 2022-06-21 20:49:39
sql comparison successfully executed at 2022-06-21 20:49:39
successfully archived at 2022-06-21 20:49:39
******************************************************************************************************
sql insertion  and updation successfully executed at 2022-06-22 09:37:12
sqoop imp job successfully executed at 2022-06-22 09:37:12
hive scd successfully executed at 2022-06-22 09:37:12
day_recol successfully truncated at 2022-06-22 09:37:12
sqoop exp job successfully executed at 2022-06-22 09:37:12
sql comparison successfully executed at 2022-06-22 09:37:12
successfully archived at 2022-06-22 09:37:12
******************************************************************************************************
\00\00\00\00\00\00\00\00\00\00\00\00\00\00\00\00\00\00\00\00\00\00\00\00\00\00\00\00\00\00\00\00\00\00\00\00\00\00\00\00\00\00\00\00\00\00\00\00\00\00\00\00\00\00\00\00\00\00\00\00\00\00\00\00\00\00\00\00\00\00\00\00\00sql insertion  and updation successfully executed at 2022-06-22 09:54:54
sqoop imp job successfully executed at 2022-06-22 09:54:54
hive scd successfully executed at 2022-06-22 09:54:54
day_recol successfully truncated at 2022-06-22 09:54:54
sqoop exp job successfully executed at 2022-06-22 09:54:54
sql comparison successfully executed at 2022-06-22 09:54:54
successfully archived at 2022-06-22 09:54:54
******************************************************************************************************
sql insertion  and updation successfully executed at 2022-06-22 10:13:11
sqoop imp job successfully executed at 2022-06-22 10:13:11
hive scd successfully executed at 2022-06-22 10:13:11
day_recol successfully truncated at 2022-06-22 10:13:11
sqoop exp job successfully executed at 2022-06-22 10:13:11
sql comparison successfully executed at 2022-06-22 10:13:11
successfully archived at 2022-06-22 10:13:11
******************************************************************************************************
sql commands failed  at 2022-06-22 10:23:09 
sql insertion  and updation successfully executed at 2022-06-22 10:23:43
sqoop imp job successfully executed at 2022-06-22 10:23:43
hive scd successfully executed at 2022-06-22 10:23:43
day_recol successfully truncated at 2022-06-22 10:23:43
sqoop exp job successfully executed at 2022-06-22 10:23:43
sql comparison failed  at 2022-06-22 10:23:43 
sql insertion  and updation successfully executed at 2022-06-23 09:09:19
sqoop imp job successfully executed at 2022-06-23 09:09:19
hive scd job failed  at 2022-06-23 09:09:19 
sql insertion  and updation successfully executed at 2022-06-23 09:13:02
sqoop imp job successfully executed at 2022-06-23 09:13:02
hive scd successfully executed at 2022-06-23 09:13:02
day_recol successfully truncated at 2022-06-23 09:13:02
sqoop exp job successfully executed at 2022-06-23 09:13:02
sql comparison successfully executed at 2022-06-23 09:13:02
successfully archived at 2022-06-23 09:13:02
******************************************************************************************************
sql insertion  and updation successfully executed at 2022-06-23 15:49:10
sqoop imp job successfully executed at 2022-06-23 15:49:10
hive scd successfully executed at 2022-06-23 15:49:10
day_recol successfully truncated at 2022-06-23 15:49:10
